;  LST file generated by mikroListExporter - v.2.0 
; Date/Time: 02/24/2023 2:44:50 PM
;----------------------------------------------

;Address Opcode 	ASM
0x0000	0x2803      	GOTO       3
_main:
;sevenSegment0To9.c,1 :: 		void main() {
;sevenSegment0To9.c,3 :: 		char arra[]={0x40,0x79,0x24,0x30,0x19,0x12,0x02,0x78,0x00,0x10};       // For Common Anode
0x0003	0x3040      	MOVLW      64
0x0004	0x1283      	BCF        STATUS, 5
0x0005	0x1303      	BCF        STATUS, 6
0x0006	0x00A2      	MOVWF      main_arra_L0
0x0007	0x3079      	MOVLW      121
0x0008	0x00A3      	MOVWF      main_arra_L0+1
0x0009	0x3024      	MOVLW      36
0x000A	0x00A4      	MOVWF      main_arra_L0+2
0x000B	0x3030      	MOVLW      48
0x000C	0x00A5      	MOVWF      main_arra_L0+3
0x000D	0x3019      	MOVLW      25
0x000E	0x00A6      	MOVWF      main_arra_L0+4
0x000F	0x3012      	MOVLW      18
0x0010	0x00A7      	MOVWF      main_arra_L0+5
0x0011	0x3002      	MOVLW      2
0x0012	0x00A8      	MOVWF      main_arra_L0+6
0x0013	0x3078      	MOVLW      120
0x0014	0x00A9      	MOVWF      main_arra_L0+7
0x0015	0x01AA      	CLRF       main_arra_L0+8
0x0016	0x3010      	MOVLW      16
0x0017	0x00AB      	MOVWF      main_arra_L0+9
;sevenSegment0To9.c,4 :: 		TRISB=0x00;      // PORTB as Output
0x0018	0x1683      	BSF        STATUS, 5
0x0019	0x0186      	CLRF       TRISB
;sevenSegment0To9.c,5 :: 		portb=0x00;      // Initialize Portb as off  state
0x001A	0x1283      	BCF        STATUS, 5
0x001B	0x0186      	CLRF       PORTB
;sevenSegment0To9.c,6 :: 		while(1){
L_main0:
;sevenSegment0To9.c,8 :: 		for(i=0; i<10;i++){
0x001C	0x01F1      	CLRF       R1
0x001D	0x01F2      	CLRF       R1+1
L_main2:
0x001E	0x3080      	MOVLW      128
0x001F	0x0672      	XORWF      R1+1, 0
0x0020	0x00F0      	MOVWF      R0
0x0021	0x3080      	MOVLW      128
0x0022	0x0270      	SUBWF      R0, 0
0x0023	0x1D03      	BTFSS      STATUS, 2
0x0024	0x2827      	GOTO       L__main11
0x0025	0x300A      	MOVLW      10
0x0026	0x0271      	SUBWF      R1, 0
L__main11:
0x0027	0x1803      	BTFSC      STATUS, 0
0x0028	0x2840      	GOTO       L_main3
;sevenSegment0To9.c,9 :: 		portb=arra[i];
0x0029	0x0871      	MOVF       R1, 0
0x002A	0x3E22      	ADDLW      main_arra_L0
0x002B	0x0084      	MOVWF      FSR
0x002C	0x0800      	MOVF       INDF, 0
0x002D	0x0086      	MOVWF      PORTB
;sevenSegment0To9.c,10 :: 		delay_ms(500);
0x002E	0x3006      	MOVLW      6
0x002F	0x00FB      	MOVWF      R11
0x0030	0x3013      	MOVLW      19
0x0031	0x00FC      	MOVWF      R12
0x0032	0x30AD      	MOVLW      173
0x0033	0x00FD      	MOVWF      R13
L_main5:
0x0034	0x0BFD      	DECFSZ     R13, 1
0x0035	0x2834      	GOTO       L_main5
0x0036	0x0BFC      	DECFSZ     R12, 1
0x0037	0x2834      	GOTO       L_main5
0x0038	0x0BFB      	DECFSZ     R11, 1
0x0039	0x2834      	GOTO       L_main5
0x003A	0x0000      	NOP
0x003B	0x0000      	NOP
;sevenSegment0To9.c,8 :: 		for(i=0; i<10;i++){
0x003C	0x0AF1      	INCF       R1, 1
0x003D	0x1903      	BTFSC      STATUS, 2
0x003E	0x0AF2      	INCF       R1+1, 1
;sevenSegment0To9.c,11 :: 		}
0x003F	0x281E      	GOTO       L_main2
L_main3:
;sevenSegment0To9.c,13 :: 		for(i=9; i>=0;i--){
0x0040	0x3009      	MOVLW      9
0x0041	0x00F1      	MOVWF      R1
0x0042	0x3000      	MOVLW      0
0x0043	0x00F2      	MOVWF      R1+1
L_main6:
0x0044	0x3080      	MOVLW      128
0x0045	0x0672      	XORWF      R1+1, 0
0x0046	0x00F0      	MOVWF      R0
0x0047	0x3080      	MOVLW      128
0x0048	0x0270      	SUBWF      R0, 0
0x0049	0x1D03      	BTFSS      STATUS, 2
0x004A	0x284D      	GOTO       L__main12
0x004B	0x3000      	MOVLW      0
0x004C	0x0271      	SUBWF      R1, 0
L__main12:
0x004D	0x1C03      	BTFSS      STATUS, 0
0x004E	0x2867      	GOTO       L_main7
;sevenSegment0To9.c,14 :: 		portb=arra[i];
0x004F	0x0871      	MOVF       R1, 0
0x0050	0x3E22      	ADDLW      main_arra_L0
0x0051	0x0084      	MOVWF      FSR
0x0052	0x0800      	MOVF       INDF, 0
0x0053	0x0086      	MOVWF      PORTB
;sevenSegment0To9.c,15 :: 		delay_ms(500);
0x0054	0x3006      	MOVLW      6
0x0055	0x00FB      	MOVWF      R11
0x0056	0x3013      	MOVLW      19
0x0057	0x00FC      	MOVWF      R12
0x0058	0x30AD      	MOVLW      173
0x0059	0x00FD      	MOVWF      R13
L_main9:
0x005A	0x0BFD      	DECFSZ     R13, 1
0x005B	0x285A      	GOTO       L_main9
0x005C	0x0BFC      	DECFSZ     R12, 1
0x005D	0x285A      	GOTO       L_main9
0x005E	0x0BFB      	DECFSZ     R11, 1
0x005F	0x285A      	GOTO       L_main9
0x0060	0x0000      	NOP
0x0061	0x0000      	NOP
;sevenSegment0To9.c,13 :: 		for(i=9; i>=0;i--){
0x0062	0x3001      	MOVLW      1
0x0063	0x02F1      	SUBWF      R1, 1
0x0064	0x1C03      	BTFSS      STATUS, 0
0x0065	0x03F2      	DECF       R1+1, 1
;sevenSegment0To9.c,16 :: 		}
0x0066	0x2844      	GOTO       L_main6
L_main7:
;sevenSegment0To9.c,18 :: 		}
0x0067	0x281C      	GOTO       L_main0
;sevenSegment0To9.c,19 :: 		}
L_end_main:
0x0068	0x2868      	GOTO       $+0
; end of _main
Symbol List:
//** Routines locations **
//ADDRESS    SIZE    PROCEDURE
//----------------------------------------------
0x0003     [102]    _main
//** Variables locations ** 
//ADDRESS    SIZE    VARIABLE
//----------------------------------------------
0x0000       [1]    INDF
0x0003       [1]    STATUS
0x0004       [1]    FSR
0x0006       [1]    PORTB
0x000A       [1]    PCLATH
0x0020       [2]    ___DoICPAddr
0x0022      [10]    main_arra_L0
0x0070       [1]    R0
0x0071       [1]    R1
0x0072       [1]    R2
0x0073       [1]    R3
0x0074       [1]    R4
0x0075       [1]    R5
0x0076       [1]    R6
0x0077       [1]    R7
0x0078       [1]    R8
0x0079       [1]    R9
0x007A       [1]    R10
0x007B       [1]    R11
0x007C       [1]    R12
0x007D       [1]    R13
0x007E       [1]    R14
0x007F       [1]    R15
0x0086       [1]    TRISB
