;  LST file generated by mikroListExporter - v.2.0 
; Date/Time: 02/25/2023 7:21:28 PM
;----------------------------------------------

;Address Opcode 	ASM
0x0000	0x2803      	GOTO       3
_main:
;LEDPushButton.c,1 :: 		void main() {
;LEDPushButton.c,2 :: 		int count = 0;
0x0003	0x1283      	BCF        STATUS, 5
0x0004	0x1303      	BCF        STATUS, 6
0x0005	0x01A2      	CLRF       main_count_L0
0x0006	0x01A3      	CLRF       main_count_L0+1
;LEDPushButton.c,3 :: 		TRISB=0x00;         // PortB as Output
0x0007	0x1683      	BSF        STATUS, 5
0x0008	0x0186      	CLRF       TRISB
;LEDPushButton.c,4 :: 		TRISD=0xff;         // PortD as Input
0x0009	0x30FF      	MOVLW      255
0x000A	0x0088      	MOVWF      TRISD
;LEDPushButton.c,5 :: 		portb=0;
0x000B	0x1283      	BCF        STATUS, 5
0x000C	0x0186      	CLRF       PORTB
;LEDPushButton.c,6 :: 		while(1){
L_main0:
;LEDPushButton.c,8 :: 		if(portd.f0==1)
0x000D	0x1C08      	BTFSS      PORTD, 0
0x000E	0x282C      	GOTO       L_main2
;LEDPushButton.c,10 :: 		delay_ms(500);   // For set State
0x000F	0x3006      	MOVLW      6
0x0010	0x00FB      	MOVWF      R11
0x0011	0x3013      	MOVLW      19
0x0012	0x00FC      	MOVWF      R12
0x0013	0x30AD      	MOVLW      173
0x0014	0x00FD      	MOVWF      R13
L_main3:
0x0015	0x0BFD      	DECFSZ     R13, 1
0x0016	0x2815      	GOTO       L_main3
0x0017	0x0BFC      	DECFSZ     R12, 1
0x0018	0x2815      	GOTO       L_main3
0x0019	0x0BFB      	DECFSZ     R11, 1
0x001A	0x2815      	GOTO       L_main3
0x001B	0x0000      	NOP
0x001C	0x0000      	NOP
;LEDPushButton.c,11 :: 		if(count==0)
0x001D	0x3000      	MOVLW      0
0x001E	0x0623      	XORWF      main_count_L0+1, 0
0x001F	0x1D03      	BTFSS      STATUS, 2
0x0020	0x2823      	GOTO       L__main11
0x0021	0x3000      	MOVLW      0
0x0022	0x0622      	XORWF      main_count_L0, 0
L__main11:
0x0023	0x1D03      	BTFSS      STATUS, 2
0x0024	0x282A      	GOTO       L_main4
;LEDPushButton.c,12 :: 		count = 1;
0x0025	0x3001      	MOVLW      1
0x0026	0x00A2      	MOVWF      main_count_L0
0x0027	0x3000      	MOVLW      0
0x0028	0x00A3      	MOVWF      main_count_L0+1
0x0029	0x282C      	GOTO       L_main5
L_main4:
;LEDPushButton.c,14 :: 		count = 0;
0x002A	0x01A2      	CLRF       main_count_L0
0x002B	0x01A3      	CLRF       main_count_L0+1
L_main5:
;LEDPushButton.c,15 :: 		}
L_main2:
;LEDPushButton.c,16 :: 		if(count==1){
0x002C	0x3000      	MOVLW      0
0x002D	0x0623      	XORWF      main_count_L0+1, 0
0x002E	0x1D03      	BTFSS      STATUS, 2
0x002F	0x2832      	GOTO       L__main12
0x0030	0x3001      	MOVLW      1
0x0031	0x0622      	XORWF      main_count_L0, 0
L__main12:
0x0032	0x1D03      	BTFSS      STATUS, 2
0x0033	0x2855      	GOTO       L_main6
;LEDPushButton.c,17 :: 		portb.f0=1;      // D1 Off
0x0034	0x1406      	BSF        PORTB, 0
;LEDPushButton.c,18 :: 		portb.f5=0;      // D2 ONN
0x0035	0x1286      	BCF        PORTB, 5
;LEDPushButton.c,19 :: 		delay_ms(500);
0x0036	0x3006      	MOVLW      6
0x0037	0x00FB      	MOVWF      R11
0x0038	0x3013      	MOVLW      19
0x0039	0x00FC      	MOVWF      R12
0x003A	0x30AD      	MOVLW      173
0x003B	0x00FD      	MOVWF      R13
L_main7:
0x003C	0x0BFD      	DECFSZ     R13, 1
0x003D	0x283C      	GOTO       L_main7
0x003E	0x0BFC      	DECFSZ     R12, 1
0x003F	0x283C      	GOTO       L_main7
0x0040	0x0BFB      	DECFSZ     R11, 1
0x0041	0x283C      	GOTO       L_main7
0x0042	0x0000      	NOP
0x0043	0x0000      	NOP
;LEDPushButton.c,20 :: 		portb.f0=0;      // D1 ONN
0x0044	0x1006      	BCF        PORTB, 0
;LEDPushButton.c,21 :: 		portb.f5=1;      // D2 Off
0x0045	0x1686      	BSF        PORTB, 5
;LEDPushButton.c,22 :: 		delay_ms(500);
0x0046	0x3006      	MOVLW      6
0x0047	0x00FB      	MOVWF      R11
0x0048	0x3013      	MOVLW      19
0x0049	0x00FC      	MOVWF      R12
0x004A	0x30AD      	MOVLW      173
0x004B	0x00FD      	MOVWF      R13
L_main8:
0x004C	0x0BFD      	DECFSZ     R13, 1
0x004D	0x284C      	GOTO       L_main8
0x004E	0x0BFC      	DECFSZ     R12, 1
0x004F	0x284C      	GOTO       L_main8
0x0050	0x0BFB      	DECFSZ     R11, 1
0x0051	0x284C      	GOTO       L_main8
0x0052	0x0000      	NOP
0x0053	0x0000      	NOP
;LEDPushButton.c,23 :: 		}
0x0054	0x2857      	GOTO       L_main9
L_main6:
;LEDPushButton.c,25 :: 		portb.f0=0;
0x0055	0x1006      	BCF        PORTB, 0
;LEDPushButton.c,26 :: 		portb.f5=0;
0x0056	0x1286      	BCF        PORTB, 5
;LEDPushButton.c,27 :: 		}
L_main9:
;LEDPushButton.c,28 :: 		}
0x0057	0x280D      	GOTO       L_main0
;LEDPushButton.c,29 :: 		}
L_end_main:
0x0058	0x2858      	GOTO       $+0
; end of _main
Symbol List:
//** Routines locations **
//ADDRESS    SIZE    PROCEDURE
//----------------------------------------------
0x0003      [86]    _main
//** Variables locations ** 
//ADDRESS    SIZE    VARIABLE
//----------------------------------------------
0x0000       [1]    INDF
0x0003       [1]    STATUS
0x0004       [1]    FSR
0x0006       [1]    PORTB
0x0008       [1]    PORTD
0x000A       [1]    PCLATH
0x0020       [2]    ___DoICPAddr
0x0022       [2]    main_count_L0
0x0070       [1]    R0
0x0071       [1]    R1
0x0072       [1]    R2
0x0073       [1]    R3
0x0074       [1]    R4
0x0075       [1]    R5
0x0076       [1]    R6
0x0077       [1]    R7
0x0078       [1]    R8
0x0079       [1]    R9
0x007A       [1]    R10
0x007B       [1]    R11
0x007C       [1]    R12
0x007D       [1]    R13
0x007E       [1]    R14
0x007F       [1]    R15
0x0086       [1]    TRISB
0x0088       [1]    TRISD
